2015-01-24 09:53:05,011 - [INFO] - from play in pool-4-thread-4 
Listening for HTTP on /0:0:0:0:0:0:0:0:9000

2015-01-24 09:53:23,239 - [INFO] - from play in play-internal-execution-context-1 
database [default] connected at jdbc:h2:mem:play

2015-01-24 09:53:23,271 - [ERROR] - from application in New I/O worker #1 


! @6l1a5m1dd - Internal server error, for (GET) [/tasks] ->

play.api.db.evolutions.InvalidDatabaseRevision: Database 'default' needs evolution![An SQL script need to be run on your database.]
	at play.api.db.evolutions.EvolutionsPlugin$$anonfun$onStart$1$$anonfun$apply$1.apply$mcV$sp(Evolutions.scala:510) ~[play-jdbc_2.11-2.3.7.jar:2.3.7]
	at play.api.db.evolutions.EvolutionsPlugin.withLock(Evolutions.scala:531) ~[play-jdbc_2.11-2.3.7.jar:2.3.7]
	at play.api.db.evolutions.EvolutionsPlugin$$anonfun$onStart$1.apply(Evolutions.scala:485) ~[play-jdbc_2.11-2.3.7.jar:2.3.7]
	at play.api.db.evolutions.EvolutionsPlugin$$anonfun$onStart$1.apply(Evolutions.scala:483) ~[play-jdbc_2.11-2.3.7.jar:2.3.7]
	at scala.collection.immutable.List.foreach(List.scala:383) ~[scala-library-2.11.1.jar:na]
	at play.api.db.evolutions.EvolutionsPlugin.onStart(Evolutions.scala:483) ~[play-jdbc_2.11-2.3.7.jar:2.3.7]
	at play.api.Play$$anonfun$start$1$$anonfun$apply$mcV$sp$1.apply(Play.scala:91) ~[play_2.11-2.3.7.jar:2.3.7]
	at play.api.Play$$anonfun$start$1$$anonfun$apply$mcV$sp$1.apply(Play.scala:91) ~[play_2.11-2.3.7.jar:2.3.7]
	at scala.collection.immutable.List.foreach(List.scala:383) ~[scala-library-2.11.1.jar:na]
	at play.api.Play$$anonfun$start$1.apply$mcV$sp(Play.scala:91) ~[play_2.11-2.3.7.jar:2.3.7]
	at play.api.Play$$anonfun$start$1.apply(Play.scala:91) ~[play_2.11-2.3.7.jar:2.3.7]
	at play.api.Play$$anonfun$start$1.apply(Play.scala:91) ~[play_2.11-2.3.7.jar:2.3.7]
	at play.utils.Threads$.withContextClassLoader(Threads.scala:21) ~[play_2.11-2.3.7.jar:2.3.7]
	at play.api.Play$.start(Play.scala:90) ~[play_2.11-2.3.7.jar:2.3.7]
	at play.core.ReloadableApplication$$anonfun$get$1$$anonfun$apply$1$$anonfun$1.apply(ApplicationProvider.scala:157) ~[play_2.11-2.3.7.jar:2.3.7]
	at play.core.ReloadableApplication$$anonfun$get$1$$anonfun$apply$1$$anonfun$1.apply(ApplicationProvider.scala:130) ~[play_2.11-2.3.7.jar:2.3.7]
	at scala.Option.map(Option.scala:145) ~[scala-library-2.11.1.jar:na]
	at play.core.ReloadableApplication$$anonfun$get$1$$anonfun$apply$1.apply(ApplicationProvider.scala:130) ~[play_2.11-2.3.7.jar:2.3.7]
	at play.core.ReloadableApplication$$anonfun$get$1$$anonfun$apply$1.apply(ApplicationProvider.scala:128) ~[play_2.11-2.3.7.jar:2.3.7]
	at scala.util.Success.flatMap(Try.scala:230) ~[scala-library-2.11.1.jar:na]
	at play.core.ReloadableApplication$$anonfun$get$1.apply(ApplicationProvider.scala:128) ~[play_2.11-2.3.7.jar:2.3.7]
	at play.core.ReloadableApplication$$anonfun$get$1.apply(ApplicationProvider.scala:120) ~[play_2.11-2.3.7.jar:2.3.7]
	at scala.concurrent.impl.Future$PromiseCompletingRunnable.liftedTree1$1(Future.scala:24) ~[scala-library-2.11.1.jar:na]
	at scala.concurrent.impl.Future$PromiseCompletingRunnable.run(Future.scala:24) ~[scala-library-2.11.1.jar:na]
	at scala.concurrent.forkjoin.ForkJoinTask$AdaptedRunnableAction.exec(ForkJoinTask.java:1361) ~[scala-library-2.11.1.jar:na]
	at scala.concurrent.forkjoin.ForkJoinTask.doExec(ForkJoinTask.java:260) ~[scala-library-2.11.1.jar:na]
	at scala.concurrent.forkjoin.ForkJoinPool$WorkQueue.runTask(ForkJoinPool.java:1339) ~[scala-library-2.11.1.jar:na]
	at scala.concurrent.forkjoin.ForkJoinPool.runWorker(ForkJoinPool.java:1979) ~[scala-library-2.11.1.jar:na]
	at scala.concurrent.forkjoin.ForkJoinWorkerThread.run(ForkJoinWorkerThread.java:107) ~[scala-library-2.11.1.jar:na]

2015-01-24 09:53:26,251 - [INFO] - from play in play-internal-execution-context-1 
database [default] connected at jdbc:h2:mem:play

2015-01-24 09:53:26,332 - [INFO] - from play in play-internal-execution-context-1 
Application started (Dev)

2015-01-24 10:22:13,619 - [INFO] - from play in play-internal-execution-context-1 
database [default] connected at jdbc:h2:mem:play

2015-01-24 10:22:13,628 - [INFO] - from play in play-internal-execution-context-1 
Application started (Dev)

2015-01-24 10:24:35,115 - [INFO] - from play in play-internal-execution-context-1 
database [default] connected at jdbc:h2:mem:play

2015-01-24 10:24:35,123 - [INFO] - from play in play-internal-execution-context-1 
Application started (Dev)

2015-01-24 10:43:12,808 - [INFO] - from play in play-internal-execution-context-1 
database [default] connected at jdbc:h2:mem:play

2015-01-24 10:43:12,816 - [INFO] - from play in play-internal-execution-context-1 
Application started (Dev)

2015-01-24 10:44:00,187 - [INFO] - from play in play-internal-execution-context-1 
database [default] connected at jdbc:h2:mem:play

2015-01-24 10:44:00,193 - [INFO] - from play in play-internal-execution-context-1 
Application started (Dev)

2015-01-24 10:44:36,617 - [INFO] - from play in play-internal-execution-context-1 
database [default] connected at jdbc:h2:mem:play

2015-01-24 10:44:36,622 - [INFO] - from play in play-internal-execution-context-1 
Application started (Dev)

2015-01-24 10:50:54,230 - [INFO] - from play in play-internal-execution-context-1 
database [default] connected at jdbc:h2:mem:play

2015-01-24 10:50:54,236 - [INFO] - from play in play-internal-execution-context-1 
Application started (Dev)

2015-01-24 10:55:49,741 - [INFO] - from play in play-internal-execution-context-1 
database [default] connected at jdbc:h2:mem:play

2015-01-24 10:55:49,745 - [INFO] - from play in play-internal-execution-context-1 
Application started (Dev)

2015-01-24 10:57:46,490 - [INFO] - from play in play-internal-execution-context-1 
database [default] connected at jdbc:h2:mem:play

2015-01-24 10:57:46,496 - [INFO] - from play in play-internal-execution-context-1 
Application started (Dev)

2015-01-24 11:02:09,142 - [INFO] - from play in play-internal-execution-context-1 
database [default] connected at jdbc:h2:mem:play

2015-01-24 11:02:09,147 - [INFO] - from play in play-internal-execution-context-1 
Application started (Dev)

2015-01-24 11:03:28,124 - [INFO] - from play in play-internal-execution-context-1 
database [default] connected at jdbc:h2:mem:play

2015-01-24 11:03:28,131 - [INFO] - from play in play-internal-execution-context-1 
Application started (Dev)

2015-01-24 11:04:57,688 - [INFO] - from play in play-internal-execution-context-1 
database [default] connected at jdbc:h2:mem:play

2015-01-24 11:04:57,694 - [INFO] - from play in play-internal-execution-context-1 
Application started (Dev)

2015-01-24 11:05:38,315 - [INFO] - from play in play-internal-execution-context-1 
database [default] connected at jdbc:h2:mem:play

2015-01-24 11:05:38,320 - [INFO] - from play in play-internal-execution-context-1 
Application started (Dev)

2015-01-24 11:09:00,276 - [INFO] - from play in play-internal-execution-context-1 
database [default] connected at jdbc:h2:mem:play

2015-01-24 11:09:00,281 - [INFO] - from play in play-internal-execution-context-1 
Application started (Dev)

2015-01-24 11:10:32,687 - [INFO] - from play in play-internal-execution-context-1 
database [default] connected at jdbc:h2:mem:play

2015-01-24 11:10:32,693 - [INFO] - from play in play-internal-execution-context-1 
Application started (Dev)

2015-01-24 11:12:04,054 - [INFO] - from play in play-internal-execution-context-1 
database [default] connected at jdbc:h2:mem:play

2015-01-24 11:12:04,060 - [INFO] - from play in play-internal-execution-context-1 
Application started (Dev)

2015-01-24 11:13:01,306 - [INFO] - from play in play-internal-execution-context-1 
database [default] connected at jdbc:h2:mem:play

2015-01-24 11:13:01,313 - [INFO] - from play in play-internal-execution-context-1 
Application started (Dev)

2015-01-24 11:13:49,872 - [INFO] - from play in play-internal-execution-context-1 
database [default] connected at jdbc:h2:mem:play

2015-01-24 11:13:49,878 - [INFO] - from play in play-internal-execution-context-1 
Application started (Dev)

2015-01-24 11:17:06,812 - [INFO] - from play in play-internal-execution-context-1 
database [default] connected at jdbc:h2:mem:play

2015-01-24 11:17:06,818 - [INFO] - from play in play-internal-execution-context-1 
Application started (Dev)

2015-01-24 11:23:08,615 - [INFO] - from play in play-internal-execution-context-1 
database [default] connected at jdbc:h2:mem:play

2015-01-24 11:23:08,620 - [INFO] - from play in play-internal-execution-context-1 
Application started (Dev)

2015-01-24 11:29:35,692 - [INFO] - from play in play-internal-execution-context-1 
database [default] connected at jdbc:h2:mem:play

2015-01-24 11:29:35,697 - [INFO] - from play in play-internal-execution-context-1 
Application started (Dev)

2015-01-24 11:30:31,011 - [INFO] - from play in play-internal-execution-context-1 
database [default] connected at jdbc:h2:mem:play

2015-01-24 11:30:31,016 - [INFO] - from play in play-internal-execution-context-1 
Application started (Dev)

2015-01-24 11:31:59,203 - [INFO] - from play in play-internal-execution-context-1 
database [default] connected at jdbc:h2:mem:play

2015-01-24 11:31:59,207 - [INFO] - from play in play-internal-execution-context-1 
Application started (Dev)

2015-01-24 11:33:53,057 - [INFO] - from play in play-internal-execution-context-1 
database [default] connected at jdbc:h2:mem:play

2015-01-24 11:33:53,062 - [INFO] - from play in play-internal-execution-context-1 
Application started (Dev)

2015-01-24 11:37:24,089 - [INFO] - from play in play-internal-execution-context-1 
database [default] connected at jdbc:h2:mem:play

2015-01-24 11:37:24,094 - [INFO] - from play in play-internal-execution-context-1 
Application started (Dev)

2015-01-24 11:40:02,949 - [INFO] - from play in play-internal-execution-context-1 
database [default] connected at jdbc:h2:mem:play

2015-01-24 11:40:02,954 - [INFO] - from play in play-internal-execution-context-1 
Application started (Dev)

2015-01-24 11:53:26,068 - [INFO] - from play in play-internal-execution-context-1 
database [default] connected at jdbc:h2:mem:play

2015-01-24 11:53:26,072 - [INFO] - from play in play-internal-execution-context-1 
Application started (Dev)

2015-01-24 11:57:51,914 - [INFO] - from play in play-internal-execution-context-1 
database [default] connected at jdbc:h2:mem:play

2015-01-24 11:57:51,918 - [INFO] - from play in play-internal-execution-context-1 
Application started (Dev)

2015-01-24 12:02:11,306 - [INFO] - from play in play-internal-execution-context-1 
database [default] connected at jdbc:h2:mem:play

2015-01-24 12:02:11,310 - [INFO] - from play in play-internal-execution-context-1 
Application started (Dev)

2015-01-24 13:26:39,001 - [INFO] - from play in play-internal-execution-context-1 
database [default] connected at jdbc:h2:mem:play

2015-01-24 13:26:39,005 - [INFO] - from play in play-internal-execution-context-1 
Application started (Dev)

2015-01-24 13:30:48,304 - [INFO] - from play in play-internal-execution-context-1 
database [default] connected at jdbc:h2:mem:play

2015-01-24 13:30:48,309 - [INFO] - from play in play-internal-execution-context-1 
Application started (Dev)

2015-01-24 13:31:29,757 - [INFO] - from play in play-internal-execution-context-1 
database [default] connected at jdbc:h2:mem:play

2015-01-24 13:31:29,762 - [INFO] - from play in play-internal-execution-context-1 
Application started (Dev)

2015-01-24 13:33:18,939 - [INFO] - from play in play-internal-execution-context-1 
database [default] connected at jdbc:h2:mem:play

2015-01-24 13:33:18,943 - [INFO] - from play in play-internal-execution-context-1 
Application started (Dev)

2015-01-24 13:33:31,392 - [INFO] - from play in play-internal-execution-context-1 
database [default] connected at jdbc:h2:mem:play

2015-01-24 13:33:31,397 - [INFO] - from play in play-internal-execution-context-1 
Application started (Dev)

2015-01-24 13:35:23,856 - [INFO] - from play in play-internal-execution-context-1 
database [default] connected at jdbc:h2:mem:play

2015-01-24 13:35:23,861 - [INFO] - from play in play-internal-execution-context-1 
Application started (Dev)

2015-01-24 13:37:12,448 - [INFO] - from play in play-internal-execution-context-1 
database [default] connected at jdbc:h2:mem:play

2015-01-24 13:37:12,453 - [INFO] - from play in play-internal-execution-context-1 
Application started (Dev)

2015-01-24 13:37:50,624 - [INFO] - from play in play-internal-execution-context-1 
database [default] connected at jdbc:h2:mem:play

2015-01-24 13:37:50,628 - [INFO] - from play in play-internal-execution-context-1 
Application started (Dev)

2015-01-24 13:38:52,131 - [INFO] - from play in play-internal-execution-context-1 
database [default] connected at jdbc:h2:mem:play

2015-01-24 13:38:52,135 - [INFO] - from play in play-internal-execution-context-1 
Application started (Dev)

2015-01-24 13:40:13,227 - [INFO] - from play in play-internal-execution-context-1 
database [default] connected at jdbc:h2:mem:play

2015-01-24 13:40:13,232 - [INFO] - from play in play-internal-execution-context-1 
Application started (Dev)

2015-01-24 13:43:22,180 - [INFO] - from play in play-internal-execution-context-1 
database [default] connected at jdbc:h2:mem:play

2015-01-24 13:43:22,184 - [INFO] - from play in play-internal-execution-context-1 
Application started (Dev)

2015-01-24 13:49:06,881 - [INFO] - from play in play-internal-execution-context-1 
database [default] connected at jdbc:h2:mem:play

2015-01-24 13:49:06,885 - [INFO] - from play in play-internal-execution-context-1 
Application started (Dev)

2015-01-24 13:51:20,133 - [INFO] - from play in play-internal-execution-context-1 
database [default] connected at jdbc:h2:mem:play

2015-01-24 13:51:20,138 - [INFO] - from play in play-internal-execution-context-1 
Application started (Dev)

2015-01-24 13:53:58,446 - [INFO] - from play in play-internal-execution-context-1 
database [default] connected at jdbc:h2:mem:play

2015-01-24 13:53:58,451 - [INFO] - from play in play-internal-execution-context-1 
Application started (Dev)

2015-01-24 13:54:50,062 - [INFO] - from play in play-internal-execution-context-1 
database [default] connected at jdbc:h2:mem:play

2015-01-24 13:54:50,067 - [INFO] - from play in play-internal-execution-context-1 
Application started (Dev)

2015-01-24 13:56:00,135 - [INFO] - from play in play-internal-execution-context-1 
database [default] connected at jdbc:h2:mem:play

2015-01-24 13:56:00,140 - [INFO] - from play in play-internal-execution-context-1 
Application started (Dev)

2015-01-24 13:56:17,837 - [INFO] - from play in play-internal-execution-context-1 
database [default] connected at jdbc:h2:mem:play

2015-01-24 13:56:17,842 - [INFO] - from play in play-internal-execution-context-1 
Application started (Dev)

2015-01-24 13:56:41,574 - [INFO] - from play in play-internal-execution-context-1 
database [default] connected at jdbc:h2:mem:play

2015-01-24 13:56:41,579 - [INFO] - from play in play-internal-execution-context-1 
Application started (Dev)

2015-01-24 13:58:05,518 - [INFO] - from play in play-internal-execution-context-1 
database [default] connected at jdbc:h2:mem:play

2015-01-24 13:58:05,522 - [INFO] - from play in play-internal-execution-context-1 
Application started (Dev)

2015-01-24 13:58:38,956 - [INFO] - from play in play-internal-execution-context-1 
database [default] connected at jdbc:h2:mem:play

2015-01-24 13:58:38,960 - [INFO] - from play in play-internal-execution-context-1 
Application started (Dev)

2015-01-24 14:01:22,277 - [INFO] - from play in play-internal-execution-context-1 
database [default] connected at jdbc:h2:mem:play

2015-01-24 14:01:22,282 - [INFO] - from play in play-internal-execution-context-1 
Application started (Dev)

2015-01-24 14:02:52,023 - [INFO] - from play in play-internal-execution-context-1 
database [default] connected at jdbc:h2:mem:play

2015-01-24 14:02:52,028 - [INFO] - from play in play-internal-execution-context-1 
Application started (Dev)

2015-01-24 14:04:03,570 - [INFO] - from play in play-internal-execution-context-1 
database [default] connected at jdbc:h2:mem:play

2015-01-24 14:04:03,574 - [INFO] - from play in play-internal-execution-context-1 
Application started (Dev)

2015-01-24 14:07:00,325 - [INFO] - from play in play-internal-execution-context-1 
database [default] connected at jdbc:h2:mem:play

2015-01-24 14:07:00,329 - [INFO] - from play in play-internal-execution-context-1 
Application started (Dev)

2015-01-24 14:09:32,402 - [INFO] - from play in play-internal-execution-context-1 
database [default] connected at jdbc:h2:mem:play

2015-01-24 14:09:32,407 - [INFO] - from play in play-internal-execution-context-1 
Application started (Dev)

2015-01-24 14:09:57,852 - [INFO] - from play in play-internal-execution-context-1 
database [default] connected at jdbc:h2:mem:play

2015-01-24 14:09:57,857 - [INFO] - from play in play-internal-execution-context-1 
Application started (Dev)

2015-01-24 14:11:08,978 - [INFO] - from play in play-internal-execution-context-1 
database [default] connected at jdbc:h2:mem:play

2015-01-24 14:11:08,983 - [INFO] - from play in play-internal-execution-context-1 
Application started (Dev)

2015-01-24 14:13:44,802 - [INFO] - from play in play-internal-execution-context-1 
database [default] connected at jdbc:h2:mem:play

2015-01-24 14:13:44,806 - [INFO] - from play in play-internal-execution-context-1 
Application started (Dev)

2015-01-24 14:14:09,242 - [INFO] - from play in play-internal-execution-context-1 
database [default] connected at jdbc:h2:mem:play

2015-01-24 14:14:09,247 - [INFO] - from play in play-internal-execution-context-1 
Application started (Dev)

2015-01-24 14:35:52,835 - [INFO] - from play in play-internal-execution-context-1 
database [default] connected at jdbc:h2:mem:play

2015-01-24 14:35:52,840 - [INFO] - from play in play-internal-execution-context-1 
Application started (Dev)

2015-01-24 14:46:56,858 - [INFO] - from play in play-internal-execution-context-1 
database [default] connected at jdbc:h2:mem:play

2015-01-24 14:46:56,863 - [INFO] - from play in play-internal-execution-context-1 
Application started (Dev)

2015-01-24 14:49:21,898 - [INFO] - from play in play-internal-execution-context-1 
database [default] connected at jdbc:h2:mem:play

2015-01-24 14:49:21,902 - [INFO] - from play in play-internal-execution-context-1 
Application started (Dev)

2015-01-24 14:50:09,055 - [INFO] - from play in play-internal-execution-context-1 
database [default] connected at jdbc:h2:mem:play

2015-01-24 14:50:09,059 - [INFO] - from play in play-internal-execution-context-1 
Application started (Dev)

2015-01-24 14:50:57,298 - [INFO] - from play in play-internal-execution-context-1 
database [default] connected at jdbc:h2:mem:play

2015-01-24 14:50:57,302 - [INFO] - from play in play-internal-execution-context-1 
Application started (Dev)

2015-01-24 15:02:50,250 - [INFO] - from play in play-internal-execution-context-1 
database [default] connected at jdbc:h2:mem:play

2015-01-24 15:02:50,254 - [INFO] - from play in play-internal-execution-context-1 
Application started (Dev)

2015-01-24 15:03:49,965 - [INFO] - from play in play-internal-execution-context-1 
database [default] connected at jdbc:h2:mem:play

2015-01-24 15:03:49,969 - [INFO] - from play in play-internal-execution-context-1 
Application started (Dev)

2015-01-24 15:13:11,899 - [INFO] - from play in play-internal-execution-context-1 
database [default] connected at jdbc:h2:mem:play

2015-01-24 15:13:11,904 - [INFO] - from play in play-internal-execution-context-1 
Application started (Dev)

2015-01-24 15:17:13,432 - [INFO] - from play in play-internal-execution-context-1 
database [default] connected at jdbc:h2:mem:play

2015-01-24 15:17:13,437 - [INFO] - from play in play-internal-execution-context-1 
Application started (Dev)

2015-01-24 15:41:44,837 - [INFO] - from play in play-internal-execution-context-1 
database [default] connected at jdbc:h2:mem:play

2015-01-24 15:41:44,842 - [INFO] - from play in play-internal-execution-context-1 
Application started (Dev)

2015-01-24 15:43:19,566 - [INFO] - from play in play-internal-execution-context-1 
database [default] connected at jdbc:h2:mem:play

2015-01-24 15:43:19,570 - [INFO] - from play in play-internal-execution-context-1 
Application started (Dev)

2015-01-24 15:46:00,870 - [INFO] - from play in play-internal-execution-context-1 
database [default] connected at jdbc:h2:mem:play

2015-01-24 15:46:00,874 - [INFO] - from play in play-internal-execution-context-1 
Application started (Dev)

2015-01-24 16:10:44,881 - [INFO] - from play in play-internal-execution-context-8 
database [default] connected at jdbc:h2:mem:play

2015-01-24 16:10:44,885 - [INFO] - from play in play-internal-execution-context-8 
Application started (Dev)

2015-01-24 16:12:21,880 - [INFO] - from play in play-internal-execution-context-8 
database [default] connected at jdbc:h2:mem:play

2015-01-24 16:12:21,884 - [INFO] - from play in play-internal-execution-context-8 
Application started (Dev)

2015-01-24 16:13:20,665 - [INFO] - from play in play-internal-execution-context-8 
database [default] connected at jdbc:h2:mem:play

2015-01-24 16:13:20,669 - [INFO] - from play in play-internal-execution-context-8 
Application started (Dev)

2015-01-24 16:17:00,733 - [INFO] - from play in play-internal-execution-context-8 
database [default] connected at jdbc:h2:mem:play

2015-01-24 16:17:00,737 - [INFO] - from play in play-internal-execution-context-8 
Application started (Dev)

2015-01-24 16:19:16,968 - [INFO] - from play in play-internal-execution-context-8 
database [default] connected at jdbc:h2:mem:play

2015-01-24 16:19:16,972 - [INFO] - from play in play-internal-execution-context-8 
Application started (Dev)

2015-01-24 16:21:05,609 - [INFO] - from play in play-internal-execution-context-8 
database [default] connected at jdbc:h2:mem:play

2015-01-24 16:21:05,613 - [INFO] - from play in play-internal-execution-context-8 
Application started (Dev)

2015-01-24 16:29:40,908 - [INFO] - from play in play-internal-execution-context-8 
database [default] connected at jdbc:h2:mem:play

2015-01-24 16:29:40,912 - [INFO] - from play in play-internal-execution-context-8 
Application started (Dev)

2015-01-24 16:34:47,772 - [INFO] - from play in play-internal-execution-context-8 
database [default] connected at jdbc:h2:mem:play

2015-01-24 16:34:47,776 - [INFO] - from play in play-internal-execution-context-8 
Application started (Dev)

2015-01-24 16:35:40,319 - [INFO] - from play in play-internal-execution-context-8 
database [default] connected at jdbc:h2:mem:play

2015-01-24 16:35:40,323 - [INFO] - from play in play-internal-execution-context-8 
Application started (Dev)

2015-01-24 16:36:07,467 - [INFO] - from play in play-internal-execution-context-8 
database [default] connected at jdbc:h2:mem:play

2015-01-24 16:36:07,471 - [INFO] - from play in play-internal-execution-context-8 
Application started (Dev)

2015-01-24 16:36:42,297 - [INFO] - from play in play-internal-execution-context-8 
database [default] connected at jdbc:h2:mem:play

2015-01-24 16:36:42,301 - [INFO] - from play in play-internal-execution-context-8 
Application started (Dev)

2015-01-24 16:43:15,752 - [INFO] - from play in play-internal-execution-context-8 
database [default] connected at jdbc:h2:mem:play

2015-01-24 16:43:15,756 - [INFO] - from play in play-internal-execution-context-8 
Application started (Dev)

2015-01-24 16:43:36,571 - [INFO] - from play in play-internal-execution-context-8 
database [default] connected at jdbc:h2:mem:play

2015-01-24 16:43:36,575 - [INFO] - from play in play-internal-execution-context-8 
Application started (Dev)

2015-01-24 16:49:09,937 - [INFO] - from play in play-internal-execution-context-8 
database [default] connected at jdbc:h2:mem:play

2015-01-24 16:49:09,941 - [INFO] - from play in play-internal-execution-context-8 
Application started (Dev)

2015-01-24 16:50:05,489 - [INFO] - from play in play-internal-execution-context-8 
database [default] connected at jdbc:h2:mem:play

2015-01-24 16:50:05,493 - [INFO] - from play in play-internal-execution-context-8 
Application started (Dev)

2015-01-24 16:50:32,536 - [INFO] - from play in play-internal-execution-context-8 
database [default] connected at jdbc:h2:mem:play

2015-01-24 16:50:32,539 - [INFO] - from play in play-internal-execution-context-8 
Application started (Dev)

2015-01-24 17:32:42,237 - [INFO] - from play in play-internal-execution-context-8 
database [default] connected at jdbc:h2:mem:play

2015-01-24 17:32:42,241 - [INFO] - from play in play-internal-execution-context-8 
Application started (Dev)

2015-01-24 17:37:17,859 - [INFO] - from play in play-internal-execution-context-8 
database [default] connected at jdbc:h2:mem:play

2015-01-24 17:37:17,863 - [INFO] - from play in play-internal-execution-context-8 
Application started (Dev)

2015-01-24 18:11:38,144 - [INFO] - from play in play-internal-execution-context-8 
database [default] connected at jdbc:h2:mem:play

2015-01-24 18:11:38,148 - [INFO] - from play in play-internal-execution-context-8 
Application started (Dev)

2015-01-24 18:12:38,495 - [INFO] - from play in play-internal-execution-context-8 
database [default] connected at jdbc:h2:mem:play

2015-01-24 18:12:38,498 - [INFO] - from play in play-internal-execution-context-8 
Application started (Dev)

2015-01-24 18:13:57,437 - [INFO] - from play in play-internal-execution-context-8 
database [default] connected at jdbc:h2:mem:play

2015-01-24 18:13:57,442 - [INFO] - from play in play-internal-execution-context-8 
Application started (Dev)

2015-01-24 18:15:09,862 - [INFO] - from play in play-internal-execution-context-8 
database [default] connected at jdbc:h2:mem:play

2015-01-24 18:15:09,866 - [INFO] - from play in play-internal-execution-context-8 
Application started (Dev)

2015-01-24 18:15:40,592 - [INFO] - from play in play-internal-execution-context-8 
database [default] connected at jdbc:h2:mem:play

2015-01-24 18:15:40,596 - [INFO] - from play in play-internal-execution-context-8 
Application started (Dev)

2015-01-24 18:16:45,189 - [INFO] - from play in play-internal-execution-context-8 
database [default] connected at jdbc:h2:mem:play

2015-01-24 18:16:45,192 - [INFO] - from play in play-internal-execution-context-8 
Application started (Dev)

2015-01-24 18:20:40,625 - [INFO] - from play in play-internal-execution-context-8 
database [default] connected at jdbc:h2:mem:play

2015-01-24 18:20:40,628 - [INFO] - from play in play-internal-execution-context-8 
Application started (Dev)

2015-01-24 18:24:06,819 - [INFO] - from play in play-internal-execution-context-8 
database [default] connected at jdbc:h2:mem:play

2015-01-24 18:24:06,823 - [INFO] - from play in play-internal-execution-context-8 
Application started (Dev)

2015-01-24 18:25:38,256 - [INFO] - from play in play-internal-execution-context-8 
database [default] connected at jdbc:h2:mem:play

2015-01-24 18:25:38,260 - [INFO] - from play in play-internal-execution-context-8 
Application started (Dev)

2015-01-24 18:27:04,468 - [INFO] - from play in play-internal-execution-context-8 
database [default] connected at jdbc:h2:mem:play

2015-01-24 18:27:04,471 - [INFO] - from play in play-internal-execution-context-8 
Application started (Dev)

2015-01-24 18:27:30,006 - [INFO] - from play in play-internal-execution-context-8 
database [default] connected at jdbc:h2:mem:play

2015-01-24 18:27:30,009 - [INFO] - from play in play-internal-execution-context-8 
Application started (Dev)

2015-01-24 18:29:26,273 - [INFO] - from play in play-internal-execution-context-8 
database [default] connected at jdbc:h2:mem:play

2015-01-24 18:29:26,277 - [INFO] - from play in play-internal-execution-context-8 
Application started (Dev)

2015-01-24 18:32:34,684 - [INFO] - from play in play-internal-execution-context-8 
database [default] connected at jdbc:h2:mem:play

2015-01-24 18:32:34,687 - [INFO] - from play in play-internal-execution-context-8 
Application started (Dev)

2015-01-24 18:33:25,229 - [INFO] - from play in play-internal-execution-context-8 
database [default] connected at jdbc:h2:mem:play

2015-01-24 18:33:25,233 - [INFO] - from play in play-internal-execution-context-8 
Application started (Dev)

2015-01-24 18:35:57,252 - [INFO] - from play in play-internal-execution-context-8 
database [default] connected at jdbc:h2:mem:play

2015-01-24 18:35:57,256 - [INFO] - from play in play-internal-execution-context-8 
Application started (Dev)

2015-01-24 18:47:49,389 - [INFO] - from play in play-internal-execution-context-8 
database [default] connected at jdbc:h2:mem:play

2015-01-24 18:47:49,392 - [INFO] - from play in play-internal-execution-context-8 
Application started (Dev)

2015-01-24 18:50:07,666 - [INFO] - from play in play-internal-execution-context-8 
database [default] connected at jdbc:h2:mem:play

2015-01-24 18:50:07,669 - [INFO] - from play in play-internal-execution-context-8 
Application started (Dev)

2015-01-24 19:05:11,771 - [INFO] - from play in play-internal-execution-context-8 
database [default] connected at jdbc:h2:mem:play

2015-01-24 19:05:11,775 - [INFO] - from play in play-internal-execution-context-8 
Application started (Dev)

2015-01-24 19:11:53,417 - [INFO] - from play in play-internal-execution-context-8 
database [default] connected at jdbc:h2:mem:play

2015-01-24 19:11:53,420 - [INFO] - from play in play-internal-execution-context-8 
Application started (Dev)

2015-01-24 19:19:40,840 - [INFO] - from play in play-internal-execution-context-8 
database [default] connected at jdbc:h2:mem:play

2015-01-24 19:19:40,844 - [INFO] - from play in play-internal-execution-context-8 
Application started (Dev)

2015-01-24 19:24:02,702 - [INFO] - from play in play-internal-execution-context-8 
database [default] connected at jdbc:h2:mem:play

2015-01-24 19:24:02,706 - [INFO] - from play in play-internal-execution-context-8 
Application started (Dev)

